ft_minitalk.h: OK!
ft_client.c: OK!
ft_server.c: OK!
libft/libft.h: OK!
old_withComment/ft_minitalk.h: Error!
Error: LINE_TOO_LONG        (line:  49, col:  82):	line too long
Error: LINE_TOO_LONG        (line:  50, col: 109):	line too long
Error: LINE_TOO_LONG        (line:  57, col:  85):	line too long
libft/ft_memset.c: OK!
libft/ft_atoi.c: OK!
old_withComment/ft_server.c: Error!
Notice: GLOBAL_VAR_DETECTED  (line:  21, col:   1):	Global variable present in file. Make sure it is a reasonable choice.
Error: WRONG_SCOPE_COMMENT  (line:  27, col:   5):	Comment is invalid in this scope
Error: WRONG_SCOPE_COMMENT  (line:  28, col:   5):	Comment is invalid in this scope
Error: VAR_DECL_START_FUNC  (line:  29, col:   1):	Variable declaration not at start of function
Error: WRONG_SCOPE_COMMENT  (line:  34, col:   5):	Comment is invalid in this scope
Error: WRONG_SCOPE_COMMENT  (line:  36, col:   5):	Comment is invalid in this scope
Error: WRONG_SCOPE_COMMENT  (line:  38, col:   9):	Comment is invalid in this scope
Error: WRONG_SCOPE_COMMENT  (line:  40, col:   9):	Comment is invalid in this scope
Error: WRONG_SCOPE_COMMENT  (line:  41, col:   5):	Comment is invalid in this scope
Error: WRONG_SCOPE_COMMENT  (line:  42, col:   5):	Comment is invalid in this scope
Error: WRONG_SCOPE_COMMENT  (line:  46, col:   5):	Comment is invalid in this scope
Error: WRONG_SCOPE_COMMENT  (line:  47, col:   5):	Comment is invalid in this scope
Error: WRONG_SCOPE_COMMENT  (line:  48, col:   5):	Comment is invalid in this scope
Error: WRONG_SCOPE_COMMENT  (line:  49, col:   5):	Comment is invalid in this scope
Error: WRONG_SCOPE_COMMENT  (line:  53, col:   9):	Comment is invalid in this scope
Error: TOO_MANY_LINES       (line:  57, col:   1):	Function has more than 25 lines
Error: WRONG_SCOPE_COMMENT  (line:  61, col:   5):	Comment is invalid in this scope
Error: VAR_DECL_START_FUNC  (line:  62, col:   1):	Variable declaration not at start of function
Error: WRONG_SCOPE_COMMENT  (line:  66, col:   5):	Comment is invalid in this scope
Error: WRONG_SCOPE_COMMENT  (line:  69, col:   5):	Comment is invalid in this scope
Error: WRONG_SCOPE_COMMENT  (line:  70, col:   5):	Comment is invalid in this scope
Error: WRONG_SCOPE_COMMENT  (line:  71, col:   5):	Comment is invalid in this scope
Error: WRONG_SCOPE_COMMENT  (line:  74, col:   5):	Comment is invalid in this scope
Error: WRONG_SCOPE_COMMENT  (line:  75, col:   5):	Comment is invalid in this scope
Error: WRONG_SCOPE_COMMENT  (line:  76, col:   5):	Comment is invalid in this scope
Error: WRONG_SCOPE_COMMENT  (line:  77, col:   5):	Comment is invalid in this scope
Error: WRONG_SCOPE_COMMENT  (line:  80, col:   5):	Comment is invalid in this scope
Error: WRONG_SCOPE_COMMENT  (line:  83, col:   5):	Comment is invalid in this scope
Error: WRONG_SCOPE_COMMENT  (line:  84, col:   5):	Comment is invalid in this scope
Error: WRONG_SCOPE_COMMENT  (line:  85, col:   5):	Comment is invalid in this scope
Error: WRONG_SCOPE_COMMENT  (line:  86, col:   5):	Comment is invalid in this scope
Error: WRONG_SCOPE_COMMENT  (line:  89, col:   5):	Comment is invalid in this scope
Error: WRONG_SCOPE_COMMENT  (line:  90, col:   5):	Comment is invalid in this scope
Error: WRONG_SCOPE_COMMENT  (line:  92, col:   9):	Comment is invalid in this scope
Error: TOO_MANY_LINES       (line:  94, col:   1):	Function has more than 25 lines
old_withComment/ft_client.c: Error!
Error: LINE_TOO_LONG        (line:  13, col:   1):	line too long
Error: LINE_TOO_LONG        (line:  13, col: 118):	line too long
Error: LINE_TOO_LONG        (line:  14, col:   1):	line too long
Error: LINE_TOO_LONG        (line:  14, col: 163):	line too long
Error: LINE_TOO_LONG        (line:  23, col:   1):	line too long
Error: LINE_TOO_LONG        (line:  23, col: 333):	line too long
Error: LINE_TOO_LONG        (line:  25, col:   1):	line too long
Error: LINE_TOO_LONG        (line:  25, col:  89):	line too long
Error: WRONG_SCOPE_COMMENT  (line:  61, col:   5):	Comment is invalid in this scope
Error: WRONG_SCOPE_COMMENT  (line:  65, col:   9):	Comment is invalid in this scope
Error: WRONG_SCOPE_COMMENT  (line:  66, col:   9):	Comment is invalid in this scope
Error: WRONG_SCOPE_COMMENT  (line:  67, col:   9):	Comment is invalid in this scope
Error: WRONG_SCOPE_COMMENT  (line:  68, col:   9):	Comment is invalid in this scope
Error: WRONG_SCOPE_COMMENT  (line:  69, col:   9):	Comment is invalid in this scope
Error: WRONG_SCOPE_COMMENT  (line:  70, col:   9):	Comment is invalid in this scope
Error: WRONG_SCOPE_COMMENT  (line:  71, col:   9):	Comment is invalid in this scope
Error: WRONG_SCOPE_COMMENT  (line:  72, col:   9):	Comment is invalid in this scope
Error: WRONG_SCOPE_COMMENT  (line:  73, col:   9):	Comment is invalid in this scope
Error: WRONG_SCOPE_COMMENT  (line:  74, col:   9):	Comment is invalid in this scope
Error: WRONG_SCOPE_COMMENT  (line:  75, col:   9):	Comment is invalid in this scope
Error: WRONG_SCOPE_COMMENT  (line:  76, col:   9):	Comment is invalid in this scope
Error: WRONG_SCOPE_COMMENT  (line:  77, col:   9):	Comment is invalid in this scope
Error: WRONG_SCOPE_COMMENT  (line:  78, col:   9):	Comment is invalid in this scope
Error: WRONG_SCOPE_COMMENT  (line:  79, col:   9):	Comment is invalid in this scope
Error: WRONG_SCOPE_COMMENT  (line:  80, col:   9):	Comment is invalid in this scope
Error: WRONG_SCOPE_COMMENT  (line:  81, col:   9):	Comment is invalid in this scope
Error: WRONG_SCOPE_COMMENT  (line:  82, col:   9):	Comment is invalid in this scope
Error: WRONG_SCOPE_COMMENT  (line:  83, col:   9):	Comment is invalid in this scope
Error: WRONG_SCOPE_COMMENT  (line:  84, col:   9):	Comment is invalid in this scope
Error: WRONG_SCOPE_COMMENT  (line:  85, col:   9):	Comment is invalid in this scope
Error: WRONG_SCOPE_COMMENT  (line:  86, col:   9):	Comment is invalid in this scope
Error: WRONG_SCOPE_COMMENT  (line:  87, col:   9):	Comment is invalid in this scope
Error: WRONG_SCOPE_COMMENT  (line:  93, col:   9):	Comment is invalid in this scope
Error: WRONG_SCOPE_COMMENT  (line:  94, col:   9):	Comment is invalid in this scope
Error: TOO_MANY_LINES       (line:  97, col:   1):	Function has more than 25 lines
